<?xml version="1.0" encoding="UTF-8"?>
<testsuite xmlns:xsi="http://www.w3.org/2001/XMLSchema-instance" xsi:noNamespaceSchemaLocation="https://maven.apache.org/surefire/maven-surefire-plugin/xsd/surefire-test-report-3.0.xsd" version="3.0" name="testRunner.TestRunner" time="48.883" tests="13" errors="1" skipped="0" failures="0">
  <properties>
[...]
</properties>
  <testcase name="Validate Searchfunctionality by providing only Job Title #1" classname="NHS Job Search functionality." time="3.922">
    <system-out><![CDATA[
Scenario Outline: Validate Searchfunctionality by providing only Job Title         &amp#27;[90m# src/test/java/features/searchPage.feature:11&amp#27;[0m
  &amp#27;[32mGiven &amp#27;[0m&amp#27;[32muser is on the NHS job search page with title &amp#27;[0m&amp#27;[32m&amp#27;[1m"Search for jobs in the NHS"&amp#27;[0m &amp#27;[90m# stepDefinitions.searchFunctionality.user_is_on_the_nhs_job_search_page_with_title(java.lang.String)&amp#27;[0m
  &amp#27;[32mWhen &amp#27;[0m&amp#27;[32muser enters job title &amp#27;[0m&amp#27;[32m&amp#27;[1m"Cardiac Physiologist"&amp#27;[0m                                &amp#27;[90m# stepDefinitions.searchFunctionality.user_enters_job_title(java.lang.String)&amp#27;[0m
  &amp#27;[32mAnd &amp#27;[0m&amp#27;[32muser clicks on search button&amp#27;[0m                                                 &amp#27;[90m# stepDefinitions.searchFunctionality.user_clicks_on_search_button()&amp#27;[0m
The job Titles before validation:cardiac physiologist
The job Titles before validation:cardiac physiologist
The job Titles before validation:cardiac physiologist
The job Titles before validation:cardiac physiologist
The job Titles before validation:cardiac physiologist
The job Titles before validation:cardiac physiologist
The job Titles before validation:cardiac physiologist/cardiac scientist
The job Titles before validation:associate cardiac physiologist
The job Titles before validation:invasive cardiac physiologist
The job Titles before validation:cardiac physiologist (bank)
  &amp#27;[32mThen &amp#27;[0m&amp#27;[32muser should see job results containing &amp#27;[0m&amp#27;[32m&amp#27;[1m"Cardiac Physiologist"&amp#27;[0m               &amp#27;[90m# stepDefinitions.searchFunctionality.user_should_see_job_results_containing(java.lang.String)&amp#27;[0m
]]></system-out>
    <system-err><![CDATA[SLF4J(W): No SLF4J providers were found.
SLF4J(W): Defaulting to no-operation (NOP) logger implementation
SLF4J(W): See https://www.slf4j.org/codes.html#noProviders for further details.
Jun 23, 2025 9:31:27 PM org.openqa.selenium.devtools.CdpVersionFinder findNearestMatch
WARNING: Unable to find CDP implementation matching 137
Jun 23, 2025 9:31:27 PM org.openqa.selenium.chromium.ChromiumDriver lambda$new$5
WARNING: Unable to find version of CDP to use for 137.0.7151.120. You may need to include a dependency on a specific version of the CDP using something similar to `org.seleniumhq.selenium:selenium-devtools-v86:4.21.0` where the version ("v86") matches the version of the chromium-based browser you're using and the version number of the artifact is the same as Selenium's.
]]></system-err>
  </testcase>
  <testcase name="Validate Searchfunctionality by providing only Job Title #2" classname="NHS Job Search functionality." time="3.179">
    <system-out><![CDATA[
Scenario Outline: Validate Searchfunctionality by providing only Job Title         &amp#27;[90m# src/test/java/features/searchPage.feature:12&amp#27;[0m
  &amp#27;[32mGiven &amp#27;[0m&amp#27;[32muser is on the NHS job search page with title &amp#27;[0m&amp#27;[32m&amp#27;[1m"Search for jobs in the NHS"&amp#27;[0m &amp#27;[90m# stepDefinitions.searchFunctionality.user_is_on_the_nhs_job_search_page_with_title(java.lang.String)&amp#27;[0m
  &amp#27;[32mWhen &amp#27;[0m&amp#27;[32muser enters job title &amp#27;[0m&amp#27;[32m&amp#27;[1m"Staff Nurse"&amp#27;[0m                                         &amp#27;[90m# stepDefinitions.searchFunctionality.user_enters_job_title(java.lang.String)&amp#27;[0m
  &amp#27;[32mAnd &amp#27;[0m&amp#27;[32muser clicks on search button&amp#27;[0m                                                 &amp#27;[90m# stepDefinitions.searchFunctionality.user_clicks_on_search_button()&amp#27;[0m
The job Titles before validation:staff nurse / senior staff nurse - falkland islands
The job Titles before validation:staff nurse
The job Titles before validation:staff nurse
The job Titles before validation:staff nurse
The job Titles before validation:staff nurse
The job Titles before validation:staff nurse
The job Titles before validation:staff nurse
The job Titles before validation:staff nurse
The job Titles before validation:staff nurse
The job Titles before validation:staff nurse
  &amp#27;[32mThen &amp#27;[0m&amp#27;[32muser should see job results containing &amp#27;[0m&amp#27;[32m&amp#27;[1m"Staff Nurse"&amp#27;[0m                        &amp#27;[90m# stepDefinitions.searchFunctionality.user_should_see_job_results_containing(java.lang.String)&amp#27;[0m
]]></system-out>
    <system-err><![CDATA[Jun 23, 2025 9:31:31 PM org.openqa.selenium.devtools.CdpVersionFinder findNearestMatch
WARNING: Unable to find CDP implementation matching 137
Jun 23, 2025 9:31:31 PM org.openqa.selenium.chromium.ChromiumDriver lambda$new$5
WARNING: Unable to find version of CDP to use for 137.0.7151.120. You may need to include a dependency on a specific version of the CDP using something similar to `org.seleniumhq.selenium:selenium-devtools-v86:4.21.0` where the version ("v86") matches the version of the chromium-based browser you're using and the version number of the artifact is the same as Selenium's.
]]></system-err>
  </testcase>
  <testcase name="Validate results sorting by Date Posted (newest)" classname="NHS Job Search functionality." time="1.915">
    <error message="The step &apos;clicks on the search button&apos; is undefined.&#10;You can implement this step using the snippet(s) below:&#10;&#10;@When(&quot;clicks on the search button&quot;)&#10;public void clicks_on_the_search_button() {&#10;    // Write code here that turns the phrase above into concrete actions&#10;    throw new io.cucumber.java.PendingException();&#10;}&#10;" type="io.cucumber.junit.UndefinedStepException"><![CDATA[io.cucumber.junit.UndefinedStepException: 
The step 'clicks on the search button' is undefined.
You can implement this step using the snippet(s) below:

@When("clicks on the search button")
public void clicks_on_the_search_button() {
    // Write code here that turns the phrase above into concrete actions
    throw new io.cucumber.java.PendingException();
}

]]></error>
    <system-out><![CDATA[
Scenario: Validate results sorting by Date Posted (newest)                         &amp#27;[90m# src/test/java/features/searchPage.feature:14&amp#27;[0m
  &amp#27;[32mGiven &amp#27;[0m&amp#27;[32muser is on the NHS job search page with title &amp#27;[0m&amp#27;[32m&amp#27;[1m"Search for jobs in the NHS"&amp#27;[0m &amp#27;[90m# stepDefinitions.searchFunctionality.user_is_on_the_nhs_job_search_page_with_title(java.lang.String)&amp#27;[0m
  &amp#27;[32mWhen &amp#27;[0m&amp#27;[32muser enters job title &amp#27;[0m&amp#27;[32m&amp#27;[1m"Cardiac Physiologist"&amp#27;[0m                                &amp#27;[90m# stepDefinitions.searchFunctionality.user_enters_job_title(java.lang.String)&amp#27;[0m
  &amp#27;[33mAnd &amp#27;[0m&amp#27;[33mclicks on the search button&amp#27;[0m
  &amp#27;[36mAnd &amp#27;[0m&amp#27;[36muser sorts results by &amp#27;[0m&amp#27;[36m&amp#27;[1m"Date Posted (newest)"&amp#27;[0m                                 &amp#27;[90m# stepDefinitions.searchFunctionality.user_sorts_results_by_newest_date(java.lang.String)&amp#27;[0m
  &amp#27;[36mThen &amp#27;[0m&amp#27;[36mthe job results should be sorted with newest Date Posted&amp#27;[0m                    &amp#27;[90m# stepDefinitions.searchFunctionality.the_job_results_should_be_sorted_with_newest_Date_Posted()&amp#27;[0m
]]></system-out>
    <system-err><![CDATA[Jun 23, 2025 9:31:34 PM org.openqa.selenium.devtools.CdpVersionFinder findNearestMatch
WARNING: Unable to find CDP implementation matching 137
Jun 23, 2025 9:31:34 PM org.openqa.selenium.chromium.ChromiumDriver lambda$new$5
WARNING: Unable to find version of CDP to use for 137.0.7151.120. You may need to include a dependency on a specific version of the CDP using something similar to `org.seleniumhq.selenium:selenium-devtools-v86:4.21.0` where the version ("v86") matches the version of the chromium-based browser you're using and the version number of the artifact is the same as Selenium's.
]]></system-err>
  </testcase>
  <testcase name="Validate search functionality by providing only Job Location #1" classname="NHS Job Search functionality." time="4.165">
    <system-out><![CDATA[
Scenario Outline: Validate search functionality by providing only Job Location      &amp#27;[90m# src/test/java/features/searchPage.feature:28&amp#27;[0m
  &amp#27;[32mGiven &amp#27;[0m&amp#27;[32muser is on the NHS job search page with title &amp#27;[0m&amp#27;[32m&amp#27;[1m"Search for jobs in the NHS"&amp#27;[0m  &amp#27;[90m# stepDefinitions.searchFunctionality.user_is_on_the_nhs_job_search_page_with_title(java.lang.String)&amp#27;[0m
  &amp#27;[32mWhen &amp#27;[0m&amp#27;[32muser enter partial location &amp#27;[0m&amp#27;[32m&amp#27;[1m"Liver"&amp#27;[0m&amp#27;[32m and selects &amp#27;[0m&amp#27;[32m&amp#27;[1m"Liverpool"&amp#27;[0m&amp#27;[32m from suggestions&amp#27;[0m &amp#27;[90m# stepDefinitions.searchFunctionality.user_enter_partial_location_and_selects_from_suggestions(java.lang.String,java.lang.String)&amp#27;[0m
  &amp#27;[32mAnd &amp#27;[0m&amp#27;[32muser clicks on search button&amp#27;[0m                                                  &amp#27;[90m# stepDefinitions.searchFunctionality.user_clicks_on_search_button()&amp#27;[0m
  &amp#27;[32mAnd &amp#27;[0m&amp#27;[32muser sorts results by &amp#27;[0m&amp#27;[32m&amp#27;[1m"Date Posted (newest)"&amp#27;[0m                                  &amp#27;[90m# stepDefinitions.searchFunctionality.user_sorts_results_by_newest_date(java.lang.String)&amp#27;[0m
No of results found:10
  &amp#27;[32mThen &amp#27;[0m&amp#27;[32muser should be able to view the results with the most recent date posted&amp#27;[0m     &amp#27;[90m# stepDefinitions.searchFunctionality.user_should_be_able_to_view_the_results_with_the_most_recent_date_posted()&amp#27;[0m
  &amp#27;[32mAnd &amp#27;[0m&amp#27;[32mthe message should contain &amp#27;[0m&amp#27;[32m&amp#27;[1m"Liverpool"&amp#27;[0m                                        &amp#27;[90m# stepDefinitions.searchFunctionality.the_message_should_contain(java.lang.String)&amp#27;[0m
]]></system-out>
    <system-err><![CDATA[Jun 23, 2025 9:31:36 PM org.openqa.selenium.devtools.CdpVersionFinder findNearestMatch
WARNING: Unable to find CDP implementation matching 137
Jun 23, 2025 9:31:36 PM org.openqa.selenium.chromium.ChromiumDriver lambda$new$5
WARNING: Unable to find version of CDP to use for 137.0.7151.120. You may need to include a dependency on a specific version of the CDP using something similar to `org.seleniumhq.selenium:selenium-devtools-v86:4.21.0` where the version ("v86") matches the version of the chromium-based browser you're using and the version number of the artifact is the same as Selenium's.
]]></system-err>
  </testcase>
  <testcase name="Validate search functionality by providing only Job Location #2" classname="NHS Job Search functionality." time="4.008">
    <system-out><![CDATA[
Scenario Outline: Validate search functionality by providing only Job Location     &amp#27;[90m# src/test/java/features/searchPage.feature:29&amp#27;[0m
  &amp#27;[32mGiven &amp#27;[0m&amp#27;[32muser is on the NHS job search page with title &amp#27;[0m&amp#27;[32m&amp#27;[1m"Search for jobs in the NHS"&amp#27;[0m &amp#27;[90m# stepDefinitions.searchFunctionality.user_is_on_the_nhs_job_search_page_with_title(java.lang.String)&amp#27;[0m
  &amp#27;[32mWhen &amp#27;[0m&amp#27;[32muser enter partial location &amp#27;[0m&amp#27;[32m&amp#27;[1m"Man"&amp#27;[0m&amp#27;[32m and selects &amp#27;[0m&amp#27;[32m&amp#27;[1m"Manchester"&amp#27;[0m&amp#27;[32m from suggestions&amp#27;[0m &amp#27;[90m# stepDefinitions.searchFunctionality.user_enter_partial_location_and_selects_from_suggestions(java.lang.String,java.lang.String)&amp#27;[0m
  &amp#27;[32mAnd &amp#27;[0m&amp#27;[32muser clicks on search button&amp#27;[0m                                                 &amp#27;[90m# stepDefinitions.searchFunctionality.user_clicks_on_search_button()&amp#27;[0m
  &amp#27;[32mAnd &amp#27;[0m&amp#27;[32muser sorts results by &amp#27;[0m&amp#27;[32m&amp#27;[1m"Date Posted (newest)"&amp#27;[0m                                 &amp#27;[90m# stepDefinitions.searchFunctionality.user_sorts_results_by_newest_date(java.lang.String)&amp#27;[0m
No of results found:10
  &amp#27;[32mThen &amp#27;[0m&amp#27;[32muser should be able to view the results with the most recent date posted&amp#27;[0m    &amp#27;[90m# stepDefinitions.searchFunctionality.user_should_be_able_to_view_the_results_with_the_most_recent_date_posted()&amp#27;[0m
  &amp#27;[32mAnd &amp#27;[0m&amp#27;[32mthe message should contain &amp#27;[0m&amp#27;[32m&amp#27;[1m"Manchester"&amp#27;[0m                                      &amp#27;[90m# stepDefinitions.searchFunctionality.the_message_should_contain(java.lang.String)&amp#27;[0m
]]></system-out>
    <system-err><![CDATA[Jun 23, 2025 9:31:40 PM org.openqa.selenium.devtools.CdpVersionFinder findNearestMatch
WARNING: Unable to find CDP implementation matching 137
Jun 23, 2025 9:31:40 PM org.openqa.selenium.chromium.ChromiumDriver lambda$new$5
WARNING: Unable to find version of CDP to use for 137.0.7151.120. You may need to include a dependency on a specific version of the CDP using something similar to `org.seleniumhq.selenium:selenium-devtools-v86:4.21.0` where the version ("v86") matches the version of the chromium-based browser you're using and the version number of the artifact is the same as Selenium's.
]]></system-err>
  </testcase>
  <testcase name="Validate search functionality by providing valid - Job title/skill and Location #1" classname="NHS Job Search functionality." time="4.034">
    <system-out><![CDATA[
Scenario Outline: Validate search functionality by providing valid - Job title/skill and Location &amp#27;[90m# src/test/java/features/searchPage.feature:38&amp#27;[0m
  &amp#27;[32mGiven &amp#27;[0m&amp#27;[32muser is on the NHS job search page with title &amp#27;[0m&amp#27;[32m&amp#27;[1m"Search for jobs in the NHS"&amp#27;[0m                &amp#27;[90m# stepDefinitions.searchFunctionality.user_is_on_the_nhs_job_search_page_with_title(java.lang.String)&amp#27;[0m
  &amp#27;[32mWhen &amp#27;[0m&amp#27;[32muser enters job title &amp#27;[0m&amp#27;[32m&amp#27;[1m"Staff Nurse"&amp#27;[0m&amp#27;[32m and location &amp#27;[0m&amp#27;[32m&amp#27;[1m"London"&amp#27;[0m                                  &amp#27;[90m# stepDefinitions.searchFunctionality.user_enters_job_title_and_location(java.lang.String,java.lang.String)&amp#27;[0m
  &amp#27;[32mAnd &amp#27;[0m&amp#27;[32muser clicks on search button&amp#27;[0m                                                                &amp#27;[90m# stepDefinitions.searchFunctionality.user_clicks_on_search_button()&amp#27;[0m
  &amp#27;[32mAnd &amp#27;[0m&amp#27;[32muser sorts results by &amp#27;[0m&amp#27;[32m&amp#27;[1m"Date Posted (newest)"&amp#27;[0m                                                &amp#27;[90m# stepDefinitions.searchFunctionality.user_sorts_results_by_newest_date(java.lang.String)&amp#27;[0m
No of results found:10
  &amp#27;[32mThen &amp#27;[0m&amp#27;[32muser should be able to view the results with the most recent date posted&amp#27;[0m                   &amp#27;[90m# stepDefinitions.searchFunctionality.user_should_be_able_to_view_the_results_with_the_most_recent_date_posted()&amp#27;[0m
]]></system-out>
    <system-err><![CDATA[Jun 23, 2025 9:31:44 PM org.openqa.selenium.devtools.CdpVersionFinder findNearestMatch
WARNING: Unable to find CDP implementation matching 137
Jun 23, 2025 9:31:44 PM org.openqa.selenium.chromium.ChromiumDriver lambda$new$5
WARNING: Unable to find version of CDP to use for 137.0.7151.120. You may need to include a dependency on a specific version of the CDP using something similar to `org.seleniumhq.selenium:selenium-devtools-v86:4.21.0` where the version ("v86") matches the version of the chromium-based browser you're using and the version number of the artifact is the same as Selenium's.
]]></system-err>
  </testcase>
  <testcase name="Validate search functionality by providing valid - Job title/skill and Location #2" classname="NHS Job Search functionality." time="4.278">
    <system-out><![CDATA[
Scenario Outline: Validate search functionality by providing valid - Job title/skill and Location &amp#27;[90m# src/test/java/features/searchPage.feature:39&amp#27;[0m
  &amp#27;[32mGiven &amp#27;[0m&amp#27;[32muser is on the NHS job search page with title &amp#27;[0m&amp#27;[32m&amp#27;[1m"Search for jobs in the NHS"&amp#27;[0m                &amp#27;[90m# stepDefinitions.searchFunctionality.user_is_on_the_nhs_job_search_page_with_title(java.lang.String)&amp#27;[0m
  &amp#27;[32mWhen &amp#27;[0m&amp#27;[32muser enters job title &amp#27;[0m&amp#27;[32m&amp#27;[1m"Cardiac Physiologist"&amp#27;[0m&amp#27;[32m and location &amp#27;[0m&amp#27;[32m&amp#27;[1m"L15 3HP"&amp#27;[0m                        &amp#27;[90m# stepDefinitions.searchFunctionality.user_enters_job_title_and_location(java.lang.String,java.lang.String)&amp#27;[0m
  &amp#27;[32mAnd &amp#27;[0m&amp#27;[32muser clicks on search button&amp#27;[0m                                                                &amp#27;[90m# stepDefinitions.searchFunctionality.user_clicks_on_search_button()&amp#27;[0m
  &amp#27;[32mAnd &amp#27;[0m&amp#27;[32muser sorts results by &amp#27;[0m&amp#27;[32m&amp#27;[1m"Date Posted (newest)"&amp#27;[0m                                                &amp#27;[90m# stepDefinitions.searchFunctionality.user_sorts_results_by_newest_date(java.lang.String)&amp#27;[0m
No of results found:7
  &amp#27;[32mThen &amp#27;[0m&amp#27;[32muser should be able to view the results with the most recent date posted&amp#27;[0m                   &amp#27;[90m# stepDefinitions.searchFunctionality.user_should_be_able_to_view_the_results_with_the_most_recent_date_posted()&amp#27;[0m
]]></system-out>
    <system-err><![CDATA[Jun 23, 2025 9:31:48 PM org.openqa.selenium.devtools.CdpVersionFinder findNearestMatch
WARNING: Unable to find CDP implementation matching 137
Jun 23, 2025 9:31:48 PM org.openqa.selenium.chromium.ChromiumDriver lambda$new$5
WARNING: Unable to find version of CDP to use for 137.0.7151.120. You may need to include a dependency on a specific version of the CDP using something similar to `org.seleniumhq.selenium:selenium-devtools-v86:4.21.0` where the version ("v86") matches the version of the chromium-based browser you're using and the version number of the artifact is the same as Selenium's.
]]></system-err>
  </testcase>
  <testcase name="Validate search functionality by providing valid - Job title/skill and Location #3" classname="NHS Job Search functionality." time="4.574">
    <system-out><![CDATA[
Scenario Outline: Validate search functionality by providing valid - Job title/skill and Location &amp#27;[90m# src/test/java/features/searchPage.feature:40&amp#27;[0m
  &amp#27;[32mGiven &amp#27;[0m&amp#27;[32muser is on the NHS job search page with title &amp#27;[0m&amp#27;[32m&amp#27;[1m"Search for jobs in the NHS"&amp#27;[0m                &amp#27;[90m# stepDefinitions.searchFunctionality.user_is_on_the_nhs_job_search_page_with_title(java.lang.String)&amp#27;[0m
  &amp#27;[32mWhen &amp#27;[0m&amp#27;[32muser enters job title &amp#27;[0m&amp#27;[32m&amp#27;[1m"Practice Nurse"&amp#27;[0m&amp#27;[32m and location &amp#27;[0m&amp#27;[32m&amp#27;[1m"Manchester"&amp#27;[0m                           &amp#27;[90m# stepDefinitions.searchFunctionality.user_enters_job_title_and_location(java.lang.String,java.lang.String)&amp#27;[0m
  &amp#27;[32mAnd &amp#27;[0m&amp#27;[32muser clicks on search button&amp#27;[0m                                                                &amp#27;[90m# stepDefinitions.searchFunctionality.user_clicks_on_search_button()&amp#27;[0m
  &amp#27;[32mAnd &amp#27;[0m&amp#27;[32muser sorts results by &amp#27;[0m&amp#27;[32m&amp#27;[1m"Date Posted (newest)"&amp#27;[0m                                                &amp#27;[90m# stepDefinitions.searchFunctionality.user_sorts_results_by_newest_date(java.lang.String)&amp#27;[0m
No of results found:10
  &amp#27;[32mThen &amp#27;[0m&amp#27;[32muser should be able to view the results with the most recent date posted&amp#27;[0m                   &amp#27;[90m# stepDefinitions.searchFunctionality.user_should_be_able_to_view_the_results_with_the_most_recent_date_posted()&amp#27;[0m
]]></system-out>
    <system-err><![CDATA[Jun 23, 2025 9:31:52 PM org.openqa.selenium.devtools.CdpVersionFinder findNearestMatch
WARNING: Unable to find CDP implementation matching 137
Jun 23, 2025 9:31:52 PM org.openqa.selenium.chromium.ChromiumDriver lambda$new$5
WARNING: Unable to find version of CDP to use for 137.0.7151.120. You may need to include a dependency on a specific version of the CDP using something similar to `org.seleniumhq.selenium:selenium-devtools-v86:4.21.0` where the version ("v86") matches the version of the chromium-based browser you're using and the version number of the artifact is the same as Selenium's.
]]></system-err>
  </testcase>
  <testcase name="Validate Searchfunctionality by providing all fields" classname="NHS Job Search functionality." time="4.437">
    <system-out><![CDATA[
Scenario: Validate Searchfunctionality by providing all fields                                        &amp#27;[90m# src/test/java/features/searchPage.feature:42&amp#27;[0m
  &amp#27;[32mGiven &amp#27;[0m&amp#27;[32muser is on the NHS job search page with title &amp#27;[0m&amp#27;[32m&amp#27;[1m"Search for jobs in the NHS"&amp#27;[0m                    &amp#27;[90m# stepDefinitions.searchFunctionality.user_is_on_the_nhs_job_search_page_with_title(java.lang.String)&amp#27;[0m
  &amp#27;[32mWhen &amp#27;[0m&amp#27;[32muser enters job title &amp#27;[0m&amp#27;[32m&amp#27;[1m"Staff Nurse"&amp#27;[0m&amp#27;[32m and location &amp#27;[0m&amp#27;[32m&amp#27;[1m"London"&amp#27;[0m                                      &amp#27;[90m# stepDefinitions.searchFunctionality.user_enters_job_title_and_location(java.lang.String,java.lang.String)&amp#27;[0m
  &amp#27;[32mAnd &amp#27;[0m&amp#27;[32muser selects the distance &amp#27;[0m&amp#27;[32m&amp#27;[1m"+10 Miles"&amp#27;[0m                                                           &amp#27;[90m# stepDefinitions.searchFunctionality.user_selects_the_distance(java.lang.String)&amp#27;[0m
  &amp#27;[32mAnd &amp#27;[0m&amp#27;[32muser clicks on search options link to expand search&amp#27;[0m                                             &amp#27;[90m# stepDefinitions.searchFunctionality.user_clicks_on_search_options_link_to_expand_search()&amp#27;[0m
  &amp#27;[32mAnd &amp#27;[0m&amp#27;[32muser enters job reference &amp#27;[0m&amp#27;[32m&amp#27;[1m"1316185502"&amp#27;[0m&amp#27;[32m Employer &amp#27;[0m&amp#27;[32m&amp#27;[1m"Healthcare"&amp#27;[0m&amp#27;[32m and Pay Range &amp#27;[0m&amp#27;[32m&amp#27;[1m"£10,000 to £20,000"&amp#27;[0m &amp#27;[90m# stepDefinitions.searchFunctionality.user_enters_job_reference_employer_and_pay_range(java.lang.String,java.lang.String,java.lang.String)&amp#27;[0m
  &amp#27;[32mAnd &amp#27;[0m&amp#27;[32muser clicks on search button&amp#27;[0m                                                                    &amp#27;[90m# stepDefinitions.searchFunctionality.user_clicks_on_search_button()&amp#27;[0m
  &amp#27;[32mAnd &amp#27;[0m&amp#27;[32muser sorts results by &amp#27;[0m&amp#27;[32m&amp#27;[1m"Date Posted (newest)"&amp#27;[0m                                                    &amp#27;[90m# stepDefinitions.searchFunctionality.user_sorts_results_by_newest_date(java.lang.String)&amp#27;[0m
No of results found:1
  &amp#27;[32mThen &amp#27;[0m&amp#27;[32muser should be able to view the results with the most recent date posted&amp#27;[0m                       &amp#27;[90m# stepDefinitions.searchFunctionality.user_should_be_able_to_view_the_results_with_the_most_recent_date_posted()&amp#27;[0m
]]></system-out>
    <system-err><![CDATA[Jun 23, 2025 9:31:57 PM org.openqa.selenium.devtools.CdpVersionFinder findNearestMatch
WARNING: Unable to find CDP implementation matching 137
Jun 23, 2025 9:31:57 PM org.openqa.selenium.chromium.ChromiumDriver lambda$new$5
WARNING: Unable to find version of CDP to use for 137.0.7151.120. You may need to include a dependency on a specific version of the CDP using something similar to `org.seleniumhq.selenium:selenium-devtools-v86:4.21.0` where the version ("v86") matches the version of the chromium-based browser you're using and the version number of the artifact is the same as Selenium's.
]]></system-err>
  </testcase>
  <testcase name="Validate clearFilters button functionality" classname="NHS Job Search functionality." time="3.655">
    <system-out><![CDATA[
Scenario: Validate clearFilters button functionality                                                  &amp#27;[90m# src/test/java/features/searchPage.feature:51&amp#27;[0m
  &amp#27;[32mGiven &amp#27;[0m&amp#27;[32muser is on the NHS job search page with title &amp#27;[0m&amp#27;[32m&amp#27;[1m"Search for jobs in the NHS"&amp#27;[0m                    &amp#27;[90m# stepDefinitions.searchFunctionality.user_is_on_the_nhs_job_search_page_with_title(java.lang.String)&amp#27;[0m
  &amp#27;[32mWhen &amp#27;[0m&amp#27;[32muser enters job title &amp#27;[0m&amp#27;[32m&amp#27;[1m"Healthcare Assistant"&amp#27;[0m&amp#27;[32m and location &amp#27;[0m&amp#27;[32m&amp#27;[1m"Manchester"&amp#27;[0m                         &amp#27;[90m# stepDefinitions.searchFunctionality.user_enters_job_title_and_location(java.lang.String,java.lang.String)&amp#27;[0m
  &amp#27;[32mAnd &amp#27;[0m&amp#27;[32muser selects the distance &amp#27;[0m&amp#27;[32m&amp#27;[1m"+10 Miles"&amp#27;[0m                                                           &amp#27;[90m# stepDefinitions.searchFunctionality.user_selects_the_distance(java.lang.String)&amp#27;[0m
  &amp#27;[32mAnd &amp#27;[0m&amp#27;[32muser clicks on search options link to expand search&amp#27;[0m                                             &amp#27;[90m# stepDefinitions.searchFunctionality.user_clicks_on_search_options_link_to_expand_search()&amp#27;[0m
  &amp#27;[32mAnd &amp#27;[0m&amp#27;[32muser enters job reference &amp#27;[0m&amp#27;[32m&amp#27;[1m"1316185502"&amp#27;[0m&amp#27;[32m Employer &amp#27;[0m&amp#27;[32m&amp#27;[1m"Healthcare"&amp#27;[0m&amp#27;[32m and Pay Range &amp#27;[0m&amp#27;[32m&amp#27;[1m"£10,000 to £20,000"&amp#27;[0m &amp#27;[90m# stepDefinitions.searchFunctionality.user_enters_job_reference_employer_and_pay_range(java.lang.String,java.lang.String,java.lang.String)&amp#27;[0m
  &amp#27;[32mAnd &amp#27;[0m&amp#27;[32muser clicks on clear filter button&amp#27;[0m                                                              &amp#27;[90m# stepDefinitions.searchFunctionality.user_clicks_on_clear_filter_button()&amp#27;[0m
  &amp#27;[32mThen &amp#27;[0m&amp#27;[32mall fields should be blank&amp#27;[0m                                                                     &amp#27;[90m# stepDefinitions.searchFunctionality.all_fields_should_be_blank()&amp#27;[0m
]]></system-out>
    <system-err><![CDATA[Jun 23, 2025 9:32:01 PM org.openqa.selenium.devtools.CdpVersionFinder findNearestMatch
WARNING: Unable to find CDP implementation matching 137
Jun 23, 2025 9:32:01 PM org.openqa.selenium.chromium.ChromiumDriver lambda$new$5
WARNING: Unable to find version of CDP to use for 137.0.7151.120. You may need to include a dependency on a specific version of the CDP using something similar to `org.seleniumhq.selenium:selenium-devtools-v86:4.21.0` where the version ("v86") matches the version of the chromium-based browser you're using and the version number of the artifact is the same as Selenium's.
]]></system-err>
  </testcase>
  <testcase name="Validate search functionality by not providing any input and Next button is visible" classname="NHS Job Search functionality." time="3.507">
    <system-out><![CDATA[
Scenario: Validate search functionality by not providing any input and Next button is visible &amp#27;[90m# src/test/java/features/searchPage.feature:59&amp#27;[0m
  &amp#27;[32mGiven &amp#27;[0m&amp#27;[32muser is on the NHS job search page with title &amp#27;[0m&amp#27;[32m&amp#27;[1m"Search for jobs in the NHS"&amp#27;[0m            &amp#27;[90m# stepDefinitions.searchFunctionality.user_is_on_the_nhs_job_search_page_with_title(java.lang.String)&amp#27;[0m
  &amp#27;[32mWhen &amp#27;[0m&amp#27;[32muser clicks on search button&amp#27;[0m                                                           &amp#27;[90m# stepDefinitions.searchFunctionality.user_clicks_on_search_button()&amp#27;[0m
  &amp#27;[32mAnd &amp#27;[0m&amp#27;[32muser sorts results by &amp#27;[0m&amp#27;[32m&amp#27;[1m"Date Posted (newest)"&amp#27;[0m                                            &amp#27;[90m# stepDefinitions.searchFunctionality.user_sorts_results_by_newest_date(java.lang.String)&amp#27;[0m
No of results found:10
  &amp#27;[32mThen &amp#27;[0m&amp#27;[32muser should be able to view the results with the most recent date posted&amp#27;[0m               &amp#27;[90m# stepDefinitions.searchFunctionality.user_should_be_able_to_view_the_results_with_the_most_recent_date_posted()&amp#27;[0m
  &amp#27;[32mAnd &amp#27;[0m&amp#27;[32mthe message should contain &amp#27;[0m&amp#27;[32m&amp#27;[1m"jobs found"&amp#27;[0m                                                 &amp#27;[90m# stepDefinitions.searchFunctionality.the_message_should_contain(java.lang.String)&amp#27;[0m
  &amp#27;[32mAnd &amp#27;[0m&amp#27;[32muser should be able to view Next button&amp#27;[0m                                                 &amp#27;[90m# stepDefinitions.searchFunctionality.user_should_be_able_to_view_next_button()&amp#27;[0m
]]></system-out>
    <system-err><![CDATA[Jun 23, 2025 9:32:05 PM org.openqa.selenium.devtools.CdpVersionFinder findNearestMatch
WARNING: Unable to find CDP implementation matching 137
Jun 23, 2025 9:32:05 PM org.openqa.selenium.chromium.ChromiumDriver lambda$new$5
WARNING: Unable to find version of CDP to use for 137.0.7151.120. You may need to include a dependency on a specific version of the CDP using something similar to `org.seleniumhq.selenium:selenium-devtools-v86:4.21.0` where the version ("v86") matches the version of the chromium-based browser you're using and the version number of the artifact is the same as Selenium's.
]]></system-err>
  </testcase>
  <testcase name="Validate Searchfunctionality by providing special characters in Job Title field #1" classname="NHS Job Search functionality." time="3.289">
    <system-out><![CDATA[
Scenario Outline: Validate Searchfunctionality by providing special characters in Job Title field &amp#27;[90m# src/test/java/features/searchPage.feature:73&amp#27;[0m
  &amp#27;[32mGiven &amp#27;[0m&amp#27;[32muser is on the NHS job search page with title &amp#27;[0m&amp#27;[32m&amp#27;[1m"Search for jobs in the NHS"&amp#27;[0m                &amp#27;[90m# stepDefinitions.searchFunctionality.user_is_on_the_nhs_job_search_page_with_title(java.lang.String)&amp#27;[0m
  &amp#27;[32mWhen &amp#27;[0m&amp#27;[32muser enters job title &amp#27;[0m&amp#27;[32m&amp#27;[1m"@$$$$@"&amp#27;[0m                                                             &amp#27;[90m# stepDefinitions.searchFunctionality.user_enters_job_title(java.lang.String)&amp#27;[0m
  &amp#27;[32mAnd &amp#27;[0m&amp#27;[32muser clicks on search button&amp#27;[0m                                                                &amp#27;[90m# stepDefinitions.searchFunctionality.user_clicks_on_search_button()&amp#27;[0m
  &amp#27;[32mThen &amp#27;[0m&amp#27;[32mthe results page should display message &amp#27;[0m&amp#27;[32m&amp#27;[1m"No result found"&amp#27;[0m                                  &amp#27;[90m# stepDefinitions.searchFunctionality.the_results_page_should_display_message(java.lang.String)&amp#27;[0m
  &amp#27;[32mAnd &amp#27;[0m&amp#27;[32mthe message should contain &amp#27;[0m&amp#27;[32m&amp#27;[1m"No result found for @$$$$@"&amp#27;[0m                                     &amp#27;[90m# stepDefinitions.searchFunctionality.the_message_should_contain(java.lang.String)&amp#27;[0m
]]></system-out>
    <system-err><![CDATA[Jun 23, 2025 9:32:08 PM org.openqa.selenium.devtools.CdpVersionFinder findNearestMatch
WARNING: Unable to find CDP implementation matching 137
Jun 23, 2025 9:32:08 PM org.openqa.selenium.chromium.ChromiumDriver lambda$new$5
WARNING: Unable to find version of CDP to use for 137.0.7151.120. You may need to include a dependency on a specific version of the CDP using something similar to `org.seleniumhq.selenium:selenium-devtools-v86:4.21.0` where the version ("v86") matches the version of the chromium-based browser you're using and the version number of the artifact is the same as Selenium's.
]]></system-err>
  </testcase>
  <testcase name="Validate Searchfunctionality by providing special characters in Job Title field #2" classname="NHS Job Search functionality." time="3.125">
    <system-out><![CDATA[
Scenario Outline: Validate Searchfunctionality by providing special characters in Job Title field &amp#27;[90m# src/test/java/features/searchPage.feature:74&amp#27;[0m
  &amp#27;[32mGiven &amp#27;[0m&amp#27;[32muser is on the NHS job search page with title &amp#27;[0m&amp#27;[32m&amp#27;[1m"Search for jobs in the NHS"&amp#27;[0m                &amp#27;[90m# stepDefinitions.searchFunctionality.user_is_on_the_nhs_job_search_page_with_title(java.lang.String)&amp#27;[0m
  &amp#27;[32mWhen &amp#27;[0m&amp#27;[32muser enters job title &amp#27;[0m&amp#27;[32m&amp#27;[1m"###@@!!"&amp#27;[0m                                                            &amp#27;[90m# stepDefinitions.searchFunctionality.user_enters_job_title(java.lang.String)&amp#27;[0m
  &amp#27;[32mAnd &amp#27;[0m&amp#27;[32muser clicks on search button&amp#27;[0m                                                                &amp#27;[90m# stepDefinitions.searchFunctionality.user_clicks_on_search_button()&amp#27;[0m
  &amp#27;[32mThen &amp#27;[0m&amp#27;[32mthe results page should display message &amp#27;[0m&amp#27;[32m&amp#27;[1m"No result found"&amp#27;[0m                                  &amp#27;[90m# stepDefinitions.searchFunctionality.the_results_page_should_display_message(java.lang.String)&amp#27;[0m
  &amp#27;[32mAnd &amp#27;[0m&amp#27;[32mthe message should contain &amp#27;[0m&amp#27;[32m&amp#27;[1m"No result found for ###@@!!"&amp#27;[0m                                    &amp#27;[90m# stepDefinitions.searchFunctionality.the_message_should_contain(java.lang.String)&amp#27;[0m
]]></system-out>
    <system-err><![CDATA[Jun 23, 2025 9:32:11 PM org.openqa.selenium.devtools.CdpVersionFinder findNearestMatch
WARNING: Unable to find CDP implementation matching 137
Jun 23, 2025 9:32:11 PM org.openqa.selenium.chromium.ChromiumDriver lambda$new$5
WARNING: Unable to find version of CDP to use for 137.0.7151.120. You may need to include a dependency on a specific version of the CDP using something similar to `org.seleniumhq.selenium:selenium-devtools-v86:4.21.0` where the version ("v86") matches the version of the chromium-based browser you're using and the version number of the artifact is the same as Selenium's.
]]></system-err>
  </testcase>
</testsuite>