<?xml version="1.0" encoding="UTF-8"?>
<testsuite xmlns:xsi="http://www.w3.org/2001/XMLSchema-instance" xsi:noNamespaceSchemaLocation="https://maven.apache.org/surefire/maven-surefire-plugin/xsd/surefire-test-report-3.0.xsd" version="3.0" name="testRunner.TestRunner" time="9.249" tests="1" errors="0" skipped="0" failures="0">
  <properties>
[...]
</properties>
  <testcase name="Validate search functionality by not providing any input and navigations of page" classname="NHS Job Search functionality." time="7.908">
    <system-out><![CDATA[
Scenario: Validate search functionality by not providing any input and navigations of page &amp#27;[90m# src/test/java/features/searchPage.feature:35&amp#27;[0m
  &amp#27;[32mGiven &amp#27;[0m&amp#27;[32muser is on the NHS job search page with title &amp#27;[0m&amp#27;[32m&amp#27;[1m"Search for jobs in the NHS"&amp#27;[0m         &amp#27;[90m# stepDefinitions.searchFunctionality.user_is_on_the_nhs_job_search_page_with_title(java.lang.String)&amp#27;[0m
  &amp#27;[32mWhen &amp#27;[0m&amp#27;[32muser clicks on search button&amp#27;[0m                                                        &amp#27;[90m# stepDefinitions.searchFunctionality.user_clicks_on_search_button()&amp#27;[0m
  &amp#27;[32mThen &amp#27;[0m&amp#27;[32mjob results should be listed with the message contains &amp#27;[0m&amp#27;[32m&amp#27;[1m"jobs found"&amp#27;[0m                 &amp#27;[90m# stepDefinitions.searchFunctionality.results_should_able_to_view_the_jobs_listed_with_the_message_contains(java.lang.String)&amp#27;[0m
  &amp#27;[32mAnd &amp#27;[0m&amp#27;[32muser should be able to click on Next page and Previous page buttons&amp#27;[0m                  &amp#27;[90m# stepDefinitions.searchFunctionality.user_should_be_able_to_click_on_next_page_and_previous_page_buttons()&amp#27;[0m
]]></system-out>
    <system-err><![CDATA[SLF4J(W): No SLF4J providers were found.
SLF4J(W): Defaulting to no-operation (NOP) logger implementation
SLF4J(W): See https://www.slf4j.org/codes.html#noProviders for further details.
Jun 22, 2025 1:39:47 AM org.openqa.selenium.devtools.CdpVersionFinder findNearestMatch
WARNING: Unable to find CDP implementation matching 136
Jun 22, 2025 1:39:47 AM org.openqa.selenium.chromium.ChromiumDriver lambda$new$5
WARNING: Unable to find version of CDP to use for 136.0.7103.114. You may need to include a dependency on a specific version of the CDP using something similar to `org.seleniumhq.selenium:selenium-devtools-v86:4.21.0` where the version ("v86") matches the version of the chromium-based browser you're using and the version number of the artifact is the same as Selenium's.
]]></system-err>
  </testcase>
</testsuite>